<?xml version="1.0" encoding="UTF-8"?>
<testng-results ignored="0" total="2" passed="2" failed="0" skipped="0">
  <reporter-output>
  </reporter-output>
  <suite started-at="2022-08-27T05:10:28Z" name="Surefire suite" finished-at="2022-08-27T05:11:25Z" duration-ms="56723">
    <groups>
    </groups>
    <test started-at="2022-08-27T05:10:28Z" name="Surefire test" finished-at="2022-08-27T05:11:25Z" duration-ms="56723">
      <class name="test.LogInTest">
        <test-method is-config="true" signature="launchBrowser()[pri:0, instance:test.LogInTest@314c508a]" started-at="2022-08-27T10:40:28Z" name="launchBrowser" finished-at="2022-08-27T10:40:36Z" duration-ms="8320" status="PASS">
          <reporter-output>
          </reporter-output>
        </test-method> <!-- launchBrowser -->
        <test-method is-config="true" signature="objects()[pri:0, instance:test.LogInTest@314c508a]" started-at="2022-08-27T10:40:36Z" name="objects" finished-at="2022-08-27T10:40:36Z" duration-ms="32" status="PASS">
          <reporter-output>
          </reporter-output>
        </test-method> <!-- objects -->
        <test-method signature="logInTest()[pri:0, instance:test.LogInTest@314c508a]" started-at="2022-08-27T10:40:36Z" name="logInTest" finished-at="2022-08-27T10:40:58Z" duration-ms="21724" status="PASS">
          <reporter-output>
          </reporter-output>
        </test-method> <!-- logInTest -->
        <test-method is-config="true" signature="terminate()[pri:0, instance:test.LogInTest@314c508a]" started-at="2022-08-27T10:40:58Z" name="terminate" finished-at="2022-08-27T10:40:59Z" duration-ms="506" status="PASS">
          <reporter-output>
          </reporter-output>
        </test-method> <!-- terminate -->
      </class> <!-- test.LogInTest -->
      <class name="test.PimTest">
        <test-method is-config="true" signature="launchBrowser()[pri:0, instance:test.PimTest@10b48321]" started-at="2022-08-27T10:40:59Z" name="launchBrowser" finished-at="2022-08-27T10:41:05Z" duration-ms="6773" status="PASS">
          <reporter-output>
          </reporter-output>
        </test-method> <!-- launchBrowser -->
        <test-method is-config="true" signature="objects()[pri:0, instance:test.PimTest@10b48321]" started-at="2022-08-27T10:41:05Z" name="objects" finished-at="2022-08-27T10:41:05Z" duration-ms="1" status="PASS">
          <reporter-output>
          </reporter-output>
        </test-method> <!-- objects -->
        <test-method is-config="true" signature="Login()[pri:0, instance:test.PimTest@10b48321]" started-at="2022-08-27T10:41:05Z" name="Login" finished-at="2022-08-27T10:41:08Z" duration-ms="2288" status="PASS">
          <reporter-output>
          </reporter-output>
        </test-method> <!-- Login -->
        <test-method signature="pimPage()[pri:0, instance:test.PimTest@10b48321]" started-at="2022-08-27T10:41:08Z" name="pimPage" finished-at="2022-08-27T10:41:24Z" duration-ms="16571" status="PASS">
          <reporter-output>
          </reporter-output>
        </test-method> <!-- pimPage -->
        <test-method is-config="true" signature="terminate()[pri:0, instance:test.PimTest@10b48321]" started-at="2022-08-27T10:41:24Z" name="terminate" finished-at="2022-08-27T10:41:25Z" duration-ms="491" status="PASS">
          <reporter-output>
          </reporter-output>
        </test-method> <!-- terminate -->
      </class> <!-- test.PimTest -->
    </test> <!-- Surefire test -->
  </suite> <!-- Surefire suite -->
</testng-results>
